<?xml version="1.0" encoding="UTF-8"?>
<testng-results ignored="0" total="1" passed="1" failed="0" skipped="0">
  <reporter-output>
  </reporter-output>
  <suite started-at="2022-08-01T15:21:47 IST" name="Surefire suite" finished-at="2022-08-01T15:23:58 IST" duration-ms="130898">
    <groups>
    </groups>
    <test started-at="2022-08-01T15:21:47 IST" name="Surefire test" finished-at="2022-08-01T15:23:58 IST" duration-ms="130898">
      <class name="Tests.CalculatorPageTests">
        <test-method is-config="true" signature="setDriver()[pri:0, instance:Tests.CalculatorPageTests@79ad8b2f]" started-at="2022-08-01T15:21:47 IST" name="setDriver" finished-at="2022-08-01T15:21:49 IST" duration-ms="1633" status="PASS">
          <reporter-output>
          </reporter-output>
        </test-method> <!-- setDriver -->
        <test-method signature="checkInformationInVmClassString()[pri:0, instance:Tests.CalculatorPageTests@79ad8b2f]" started-at="2022-08-01T15:21:49 IST" name="checkInformationInVmClassString" finished-at="2022-08-01T15:23:54 IST" duration-ms="125094" status="PASS">
          <reporter-output>
          </reporter-output>
        </test-method> <!-- checkInformationInVmClassString -->
        <test-method is-config="true" signature="closeDriver()[pri:0, instance:Tests.CalculatorPageTests@79ad8b2f]" started-at="2022-08-01T15:23:54 IST" name="closeDriver" finished-at="2022-08-01T15:23:58 IST" duration-ms="4137" status="PASS">
          <reporter-output>
          </reporter-output>
        </test-method> <!-- closeDriver -->
      </class> <!-- Tests.CalculatorPageTests -->
    </test> <!-- Surefire test -->
  </suite> <!-- Surefire suite -->
</testng-results>
